2025-09-28 11:40:00,329 - __main__ - CRITICAL - Unexpected error occurred | error_message=Required config files not found: app_config.yaml, error_type=FileNotFoundError, traceback=Traceback (most recent call last):
  File "/home/chris/projects/nba_analysis_project/src/nba_app/webscraping/main.py", line 74, in main
    config = container.config()
             ^^^^^^^^^^^^^^^^^^
  File "src/dependency_injector/providers.pyx", line 231, in dependency_injector.providers.Provider.__call__
  File "src/dependency_injector/providers.pyx", line 3021, in dependency_injector.providers.Singleton._provide
  File "src/dependency_injector/providers.pxd", line 646, in dependency_injector.providers.__factory_call
  File "src/dependency_injector/providers.pxd", line 604, in dependency_injector.providers.__call
  File "/home/chris/projects/nba_analysis_project/src/platform_core/core/config_management/config_manager.py", line 25, in __init__
    self._load_configurations()
  File "/home/chris/projects/nba_analysis_project/src/platform_core/core/config_management/config_manager.py", line 55, in _load_configurations
    config_dict = self.app_file_handler.load_yaml_files_in_directory(
                  ^^^^^^^^^^^^^^^^^^^^^^^^^^^^^^^^^^^^^^^^^^^^^^^^^^^
  File "/home/chris/projects/nba_analysis_project/src/platform_core/core/app_file_handling/app_file_handler.py", line 78, in load_yaml_files_in_directory
    raise FileNotFoundError(f"Required config files not found: {', '.join(missing_files)}")
FileNotFoundError: Required config files not found: app_config.yaml

2025-09-28 11:40:00,329 - __main__ - ERROR - Function main failed after 0.002s: Required config files not found: app_config.yaml
2025-09-28 13:17:44,675 - __main__ - CRITICAL - Unexpected error occurred | error_message=Required config files not found: app_config.yaml, error_type=FileNotFoundError, traceback=Traceback (most recent call last):
  File "/home/chris/projects/nba_analysis_project/src/nba_app/webscraping/main.py", line 74, in main
    config = container.config()
             ^^^^^^^^^^^^^^^^^^
  File "src/dependency_injector/providers.pyx", line 231, in dependency_injector.providers.Provider.__call__
  File "src/dependency_injector/providers.pyx", line 3021, in dependency_injector.providers.Singleton._provide
  File "src/dependency_injector/providers.pxd", line 646, in dependency_injector.providers.__factory_call
  File "src/dependency_injector/providers.pxd", line 604, in dependency_injector.providers.__call
  File "/home/chris/projects/nba_analysis_project/src/platform_core/core/config_management/config_manager.py", line 25, in __init__
    self._load_configurations()
  File "/home/chris/projects/nba_analysis_project/src/platform_core/core/config_management/config_manager.py", line 55, in _load_configurations
    config_dict = self.app_file_handler.load_yaml_files_in_directory(
                  ^^^^^^^^^^^^^^^^^^^^^^^^^^^^^^^^^^^^^^^^^^^^^^^^^^^
  File "/home/chris/projects/nba_analysis_project/src/platform_core/core/app_file_handling/app_file_handler.py", line 78, in load_yaml_files_in_directory
    raise FileNotFoundError(f"Required config files not found: {', '.join(missing_files)}")
FileNotFoundError: Required config files not found: app_config.yaml

2025-09-28 13:17:44,680 - __main__ - ERROR - Function main failed after 0.007s: Required config files not found: app_config.yaml
2025-09-28 13:33:15,957 - src.nba_app.webscraping.web_driver - INFO - WebDriver initialized with browsers: ['chrome', 'firefox']
2025-09-28 13:33:15,957 - WDM - INFO - ====== WebDriver manager ======
2025-09-28 13:33:16,093 - WDM - INFO - Get LATEST chromedriver version for google-chrome
2025-09-28 13:33:16,294 - WDM - INFO - About to download new driver from https://chromedriver.storage.googleapis.com/114.0.5735.90/chromedriver_linux64.zip
2025-09-28 13:33:16,463 - WDM - INFO - Driver downloading response is 200
2025-09-28 13:33:16,955 - WDM - INFO - Get LATEST chromedriver version for google-chrome
2025-09-28 13:33:17,293 - WDM - INFO - Get LATEST chromedriver version for google-chrome
2025-09-28 13:33:17,505 - WDM - INFO - Driver has been saved in cache [/home/chris/.wdm/drivers/chromedriver/linux64/114.0.5735.90]
2025-09-28 13:33:17,517 - src.nba_app.webscraping.web_driver - WARNING - Failed to create Chrome WebDriver: ErrorHandler.__init__() missing 1 required positional argument: 'app_logger'
2025-09-28 13:33:17,517 - WDM - INFO - ====== WebDriver manager ======
2025-09-28 13:33:17,549 - WDM - INFO - Get LATEST geckodriver version for None firefox
2025-09-28 13:33:17,720 - WDM - INFO - Getting latest mozilla release info for v0.36.0
2025-09-28 13:33:17,951 - WDM - INFO - About to download new driver from https://github.com/mozilla/geckodriver/releases/download/v0.36.0/geckodriver-v0.36.0-linux64.tar.gz
2025-09-28 13:33:18,228 - WDM - INFO - Driver downloading response is 200
2025-09-28 13:33:18,401 - WDM - INFO - Get LATEST geckodriver version for None firefox
2025-09-28 13:33:18,727 - WDM - INFO - Get LATEST geckodriver version for None firefox
2025-09-28 13:33:18,908 - WDM - INFO - Driver has been saved in cache [/home/chris/.wdm/drivers/geckodriver/linux64/v0.36.0]
2025-09-28 13:33:18,938 - src.nba_app.webscraping.web_driver - WARNING - Failed to create Firefox WebDriver: ErrorHandler.__init__() missing 1 required positional argument: 'app_logger'
2025-09-28 13:33:18,938 - __main__ - CRITICAL - Unexpected error occurred | error_message=ErrorHandler.__init__() missing 1 required positional argument: 'app_logger', error_type=TypeError, traceback=Traceback (most recent call last):
  File "/home/chris/projects/nba_analysis_project/src/nba_app/webscraping/main.py", line 76, in main
    nba_scraper = container.nba_scraper()
                  ^^^^^^^^^^^^^^^^^^^^^^^
  File "src/dependency_injector/providers.pyx", line 231, in dependency_injector.providers.Provider.__call__
  File "src/dependency_injector/providers.pyx", line 2661, in dependency_injector.providers.Factory._provide
  File "src/dependency_injector/providers.pxd", line 646, in dependency_injector.providers.__factory_call
  File "src/dependency_injector/providers.pxd", line 573, in dependency_injector.providers.__call
  File "src/dependency_injector/providers.pxd", line 441, in dependency_injector.providers.__provide_keyword_args
  File "src/dependency_injector/providers.pxd", line 361, in dependency_injector.providers.__get_value
  File "src/dependency_injector/providers.pyx", line 231, in dependency_injector.providers.Provider.__call__
  File "src/dependency_injector/providers.pyx", line 2661, in dependency_injector.providers.Factory._provide
  File "src/dependency_injector/providers.pxd", line 646, in dependency_injector.providers.__factory_call
  File "src/dependency_injector/providers.pxd", line 573, in dependency_injector.providers.__call
  File "src/dependency_injector/providers.pxd", line 441, in dependency_injector.providers.__provide_keyword_args
  File "src/dependency_injector/providers.pxd", line 361, in dependency_injector.providers.__get_value
  File "src/dependency_injector/providers.pyx", line 231, in dependency_injector.providers.Provider.__call__
  File "src/dependency_injector/providers.pyx", line 2661, in dependency_injector.providers.Factory._provide
  File "src/dependency_injector/providers.pxd", line 646, in dependency_injector.providers.__factory_call
  File "src/dependency_injector/providers.pxd", line 573, in dependency_injector.providers.__call
  File "src/dependency_injector/providers.pxd", line 441, in dependency_injector.providers.__provide_keyword_args
  File "src/dependency_injector/providers.pxd", line 361, in dependency_injector.providers.__get_value
  File "src/dependency_injector/providers.pyx", line 231, in dependency_injector.providers.Provider.__call__
  File "src/dependency_injector/providers.pyx", line 3021, in dependency_injector.providers.Singleton._provide
  File "src/dependency_injector/providers.pxd", line 646, in dependency_injector.providers.__factory_call
  File "src/dependency_injector/providers.pxd", line 604, in dependency_injector.providers.__call
  File "/home/chris/projects/nba_analysis_project/src/nba_app/webscraping/di_container.py", line 26, in <lambda>
    lambda web_driver_factory: web_driver_factory.create_driver(),
                               ^^^^^^^^^^^^^^^^^^^^^^^^^^^^^^^^^^
  File "/home/chris/projects/nba_analysis_project/src/nba_app/webscraping/web_driver.py", line 64, in create_driver
    raise WebDriverError("Failed to create WebDriver with any available browser")
          ^^^^^^^^^^^^^^^^^^^^^^^^^^^^^^^^^^^^^^^^^^^^^^^^^^^^^^^^^^^^^^^^^^^^^^^
TypeError: ErrorHandler.__init__() missing 1 required positional argument: 'app_logger'

2025-09-28 13:34:41,252 - src.nba_app.webscraping.web_driver - INFO - WebDriver initialized with browsers: ['chrome', 'firefox']
2025-09-28 13:34:41,252 - WDM - INFO - ====== WebDriver manager ======
2025-09-28 13:34:41,393 - WDM - INFO - Get LATEST chromedriver version for google-chrome
2025-09-28 13:34:41,579 - WDM - INFO - About to download new driver from https://chromedriver.storage.googleapis.com/114.0.5735.90/chromedriver_linux64.zip
2025-09-28 13:34:41,761 - WDM - INFO - Driver downloading response is 200
2025-09-28 13:34:42,368 - WDM - INFO - Get LATEST chromedriver version for google-chrome
2025-09-28 13:34:42,864 - WDM - INFO - Get LATEST chromedriver version for google-chrome
2025-09-28 13:34:43,071 - WDM - INFO - Driver has been saved in cache [/home/chris/.wdm/drivers/chromedriver/linux64/114.0.5735.90]
2025-09-28 13:34:43,083 - src.nba_app.webscraping.web_driver - WARNING - Failed to create Chrome WebDriver: Logger not initialized. Call setup() first.
2025-09-28 13:34:43,083 - WDM - INFO - ====== WebDriver manager ======
2025-09-28 13:34:43,120 - WDM - INFO - Get LATEST geckodriver version for None firefox
2025-09-28 13:34:43,384 - WDM - INFO - Getting latest mozilla release info for v0.36.0
2025-09-28 13:34:43,689 - WDM - INFO - About to download new driver from https://github.com/mozilla/geckodriver/releases/download/v0.36.0/geckodriver-v0.36.0-linux64.tar.gz
2025-09-28 13:34:43,964 - WDM - INFO - Driver downloading response is 200
2025-09-28 13:34:44,146 - WDM - INFO - Get LATEST geckodriver version for None firefox
2025-09-28 13:34:44,467 - WDM - INFO - Get LATEST geckodriver version for None firefox
2025-09-28 13:34:44,692 - WDM - INFO - Driver has been saved in cache [/home/chris/.wdm/drivers/geckodriver/linux64/v0.36.0]
2025-09-28 13:34:44,728 - src.nba_app.webscraping.web_driver - WARNING - Failed to create Firefox WebDriver: Logger not initialized. Call setup() first.
2025-09-28 13:34:44,729 - __main__ - CRITICAL - Unexpected error occurred | error_message=Logger not initialized. Call setup() first., error_type=RuntimeError, traceback=Traceback (most recent call last):
  File "/home/chris/projects/nba_analysis_project/src/nba_app/webscraping/main.py", line 76, in main
    nba_scraper = container.nba_scraper()
                  ^^^^^^^^^^^^^^^^^^^^^^^
  File "src/dependency_injector/providers.pyx", line 231, in dependency_injector.providers.Provider.__call__
  File "src/dependency_injector/providers.pyx", line 2661, in dependency_injector.providers.Factory._provide
  File "src/dependency_injector/providers.pxd", line 646, in dependency_injector.providers.__factory_call
  File "src/dependency_injector/providers.pxd", line 573, in dependency_injector.providers.__call
  File "src/dependency_injector/providers.pxd", line 441, in dependency_injector.providers.__provide_keyword_args
  File "src/dependency_injector/providers.pxd", line 361, in dependency_injector.providers.__get_value
  File "src/dependency_injector/providers.pyx", line 231, in dependency_injector.providers.Provider.__call__
  File "src/dependency_injector/providers.pyx", line 2661, in dependency_injector.providers.Factory._provide
  File "src/dependency_injector/providers.pxd", line 646, in dependency_injector.providers.__factory_call
  File "src/dependency_injector/providers.pxd", line 573, in dependency_injector.providers.__call
  File "src/dependency_injector/providers.pxd", line 441, in dependency_injector.providers.__provide_keyword_args
  File "src/dependency_injector/providers.pxd", line 361, in dependency_injector.providers.__get_value
  File "src/dependency_injector/providers.pyx", line 231, in dependency_injector.providers.Provider.__call__
  File "src/dependency_injector/providers.pyx", line 2661, in dependency_injector.providers.Factory._provide
  File "src/dependency_injector/providers.pxd", line 646, in dependency_injector.providers.__factory_call
  File "src/dependency_injector/providers.pxd", line 573, in dependency_injector.providers.__call
  File "src/dependency_injector/providers.pxd", line 441, in dependency_injector.providers.__provide_keyword_args
  File "src/dependency_injector/providers.pxd", line 361, in dependency_injector.providers.__get_value
  File "src/dependency_injector/providers.pyx", line 231, in dependency_injector.providers.Provider.__call__
  File "src/dependency_injector/providers.pyx", line 3021, in dependency_injector.providers.Singleton._provide
  File "src/dependency_injector/providers.pxd", line 646, in dependency_injector.providers.__factory_call
  File "src/dependency_injector/providers.pxd", line 604, in dependency_injector.providers.__call
  File "/home/chris/projects/nba_analysis_project/src/nba_app/webscraping/di_container.py", line 26, in <lambda>
    lambda web_driver_factory: web_driver_factory.create_driver(),
                               ^^^^^^^^^^^^^^^^^^^^^^^^^^^^^^^^^^
  File "/home/chris/projects/nba_analysis_project/src/nba_app/webscraping/web_driver.py", line 67, in create_driver
    raise WebDriverError("Failed to create WebDriver with any available browser", self.app_logger)
          ^^^^^^^^^^^^^^^^^^^^^^^^^^^^^^^^^^^^^^^^^^^^^^^^^^^^^^^^^^^^^^^^^^^^^^^^^^^^^^^^^^^^^^^^
  File "/home/chris/projects/nba_analysis_project/src/platform_core/core/error_handling/error_handler.py", line 10, in __init__
    super().__init__(message=message, app_logger=app_logger, log_level=log_level, **kwargs)
  File "/home/chris/projects/nba_analysis_project/src/platform_core/core/error_handling/base_error_handler.py", line 11, in __init__
    self.log()
  File "/home/chris/projects/nba_analysis_project/src/platform_core/core/error_handling/error_handler.py", line 14, in log
    self.app_logger.structured_log(
  File "/home/chris/projects/nba_analysis_project/src/platform_core/core/app_logging/app_logger.py", line 77, in structured_log
    raise RuntimeError("Logger not initialized. Call setup() first.")
RuntimeError: Logger not initialized. Call setup() first.

2025-09-28 13:35:16,499 - src.nba_app.webscraping.web_driver - INFO - WebDriver initialized with browsers: ['chrome', 'firefox']
2025-09-28 13:35:16,499 - WDM - INFO - ====== WebDriver manager ======
2025-09-28 13:35:16,637 - WDM - INFO - Get LATEST chromedriver version for google-chrome
2025-09-28 13:35:16,791 - WDM - INFO - About to download new driver from https://chromedriver.storage.googleapis.com/114.0.5735.90/chromedriver_linux64.zip
2025-09-28 13:35:16,969 - WDM - INFO - Driver downloading response is 200
2025-09-28 13:35:17,514 - WDM - INFO - Get LATEST chromedriver version for google-chrome
2025-09-28 13:35:17,858 - WDM - INFO - Get LATEST chromedriver version for google-chrome
2025-09-28 13:35:18,058 - WDM - INFO - Driver has been saved in cache [/home/chris/.wdm/drivers/chromedriver/linux64/114.0.5735.90]
2025-09-28 13:35:18,070 - platform_core.core.app_logging.app_logger - ERROR - Error creating Chrome WebDriver: Message: Service /home/chris/.wdm/drivers/chromedriver/linux64/114.0.5735.90/chromedriver unexpectedly exited. Status code was: 127
 | Context: {'error_type': 'WebDriverError'}
2025-09-28 13:35:18,070 - platform_core.core.app_logging.app_logger - ERROR - Error creating Chrome WebDriver: Message: Service /home/chris/.wdm/drivers/chromedriver/linux64/114.0.5735.90/chromedriver unexpectedly exited. Status code was: 127
 | Context: {'error_type': 'WebDriverError'}
2025-09-28 13:35:18,070 - src.nba_app.webscraping.web_driver - WARNING - Failed to create Chrome WebDriver: Error creating Chrome WebDriver: Message: Service /home/chris/.wdm/drivers/chromedriver/linux64/114.0.5735.90/chromedriver unexpectedly exited. Status code was: 127

2025-09-28 13:35:18,070 - WDM - INFO - ====== WebDriver manager ======
2025-09-28 13:35:18,109 - WDM - INFO - Get LATEST geckodriver version for None firefox
2025-09-28 13:35:18,351 - WDM - INFO - Getting latest mozilla release info for v0.36.0
2025-09-28 13:35:18,521 - WDM - INFO - About to download new driver from https://github.com/mozilla/geckodriver/releases/download/v0.36.0/geckodriver-v0.36.0-linux64.tar.gz
2025-09-28 13:35:18,801 - WDM - INFO - Driver downloading response is 200
2025-09-28 13:35:18,946 - WDM - INFO - Get LATEST geckodriver version for None firefox
2025-09-28 13:35:19,260 - WDM - INFO - Get LATEST geckodriver version for None firefox
2025-09-28 13:35:19,458 - WDM - INFO - Driver has been saved in cache [/home/chris/.wdm/drivers/geckodriver/linux64/v0.36.0]
2025-09-28 13:35:19,490 - platform_core.core.app_logging.app_logger - ERROR - Error creating Firefox WebDriver: Message: Expected browser binary location, but unable to find binary in default location, no 'moz:firefoxOptions.binary' capability provided, and no binary flag set on the command line
 | Context: {'error_type': 'WebDriverError'}
2025-09-28 13:35:19,490 - platform_core.core.app_logging.app_logger - ERROR - Error creating Firefox WebDriver: Message: Expected browser binary location, but unable to find binary in default location, no 'moz:firefoxOptions.binary' capability provided, and no binary flag set on the command line
 | Context: {'error_type': 'WebDriverError'}
2025-09-28 13:35:19,490 - src.nba_app.webscraping.web_driver - WARNING - Failed to create Firefox WebDriver: Error creating Firefox WebDriver: Message: Expected browser binary location, but unable to find binary in default location, no 'moz:firefoxOptions.binary' capability provided, and no binary flag set on the command line

2025-09-28 13:35:19,490 - platform_core.core.app_logging.app_logger - ERROR - Failed to create WebDriver with any available browser | Context: {'error_type': 'WebDriverError'}
2025-09-28 13:35:19,490 - platform_core.core.app_logging.app_logger - ERROR - Failed to create WebDriver with any available browser | Context: {'error_type': 'WebDriverError'}
2025-09-28 13:35:19,490 - __main__ - CRITICAL - Unexpected error occurred | error_message=Failed to create WebDriver with any available browser, error_type=WebDriverError, traceback=Traceback (most recent call last):
  File "/home/chris/projects/nba_analysis_project/src/nba_app/webscraping/main.py", line 81, in main
    nba_scraper = container.nba_scraper()
                  ^^^^^^^^^^^^^^^^^^^^^^^
  File "src/dependency_injector/providers.pyx", line 231, in dependency_injector.providers.Provider.__call__
  File "src/dependency_injector/providers.pyx", line 2661, in dependency_injector.providers.Factory._provide
  File "src/dependency_injector/providers.pxd", line 646, in dependency_injector.providers.__factory_call
  File "src/dependency_injector/providers.pxd", line 573, in dependency_injector.providers.__call
  File "src/dependency_injector/providers.pxd", line 441, in dependency_injector.providers.__provide_keyword_args
  File "src/dependency_injector/providers.pxd", line 361, in dependency_injector.providers.__get_value
  File "src/dependency_injector/providers.pyx", line 231, in dependency_injector.providers.Provider.__call__
  File "src/dependency_injector/providers.pyx", line 2661, in dependency_injector.providers.Factory._provide
  File "src/dependency_injector/providers.pxd", line 646, in dependency_injector.providers.__factory_call
  File "src/dependency_injector/providers.pxd", line 573, in dependency_injector.providers.__call
  File "src/dependency_injector/providers.pxd", line 441, in dependency_injector.providers.__provide_keyword_args
  File "src/dependency_injector/providers.pxd", line 361, in dependency_injector.providers.__get_value
  File "src/dependency_injector/providers.pyx", line 231, in dependency_injector.providers.Provider.__call__
  File "src/dependency_injector/providers.pyx", line 2661, in dependency_injector.providers.Factory._provide
  File "src/dependency_injector/providers.pxd", line 646, in dependency_injector.providers.__factory_call
  File "src/dependency_injector/providers.pxd", line 573, in dependency_injector.providers.__call
  File "src/dependency_injector/providers.pxd", line 441, in dependency_injector.providers.__provide_keyword_args
  File "src/dependency_injector/providers.pxd", line 361, in dependency_injector.providers.__get_value
  File "src/dependency_injector/providers.pyx", line 231, in dependency_injector.providers.Provider.__call__
  File "src/dependency_injector/providers.pyx", line 3021, in dependency_injector.providers.Singleton._provide
  File "src/dependency_injector/providers.pxd", line 646, in dependency_injector.providers.__factory_call
  File "src/dependency_injector/providers.pxd", line 604, in dependency_injector.providers.__call
  File "/home/chris/projects/nba_analysis_project/src/nba_app/webscraping/di_container.py", line 26, in <lambda>
    lambda web_driver_factory: web_driver_factory.create_driver(),
                               ^^^^^^^^^^^^^^^^^^^^^^^^^^^^^^^^^^
  File "/home/chris/projects/nba_analysis_project/src/nba_app/webscraping/web_driver.py", line 67, in create_driver
    raise WebDriverError("Failed to create WebDriver with any available browser", self.app_logger)
platform_core.core.error_handling.error_handler.WebDriverError: Failed to create WebDriver with any available browser

2025-09-28 13:36:26,161 - src.nba_app.webscraping.web_driver - INFO - WebDriver initialized with browsers: ['chrome', 'firefox']
2025-09-28 13:36:26,161 - WDM - INFO - ====== WebDriver manager ======
2025-09-28 13:36:26,269 - WDM - INFO - Get LATEST chromedriver version for google-chrome
2025-09-28 13:36:26,436 - WDM - INFO - About to download new driver from https://chromedriver.storage.googleapis.com/114.0.5735.90/chromedriver_linux64.zip
2025-09-28 13:36:26,583 - WDM - INFO - Driver downloading response is 200
2025-09-28 13:36:27,026 - WDM - INFO - Get LATEST chromedriver version for google-chrome
2025-09-28 13:36:27,349 - WDM - INFO - Get LATEST chromedriver version for google-chrome
2025-09-28 13:36:27,564 - WDM - INFO - Driver has been saved in cache [/home/chris/.wdm/drivers/chromedriver/linux64/114.0.5735.90]
2025-09-28 13:36:27,576 - platform_core.core.app_logging.app_logger - ERROR - Error creating Chrome WebDriver: Message: Service /home/chris/.wdm/drivers/chromedriver/linux64/114.0.5735.90/chromedriver unexpectedly exited. Status code was: 127
 | Context: {'error_type': 'WebDriverError'}
2025-09-28 13:36:27,576 - platform_core.core.app_logging.app_logger - ERROR - Error creating Chrome WebDriver: Message: Service /home/chris/.wdm/drivers/chromedriver/linux64/114.0.5735.90/chromedriver unexpectedly exited. Status code was: 127
 | Context: {'error_type': 'WebDriverError'}
2025-09-28 13:36:27,576 - src.nba_app.webscraping.web_driver - WARNING - Failed to create Chrome WebDriver: Error creating Chrome WebDriver: Message: Service /home/chris/.wdm/drivers/chromedriver/linux64/114.0.5735.90/chromedriver unexpectedly exited. Status code was: 127

2025-09-28 13:36:27,576 - WDM - INFO - ====== WebDriver manager ======
2025-09-28 13:36:27,615 - WDM - INFO - Get LATEST geckodriver version for None firefox
2025-09-28 13:36:27,878 - WDM - INFO - Getting latest mozilla release info for v0.36.0
2025-09-28 13:36:28,153 - WDM - INFO - About to download new driver from https://github.com/mozilla/geckodriver/releases/download/v0.36.0/geckodriver-v0.36.0-linux64.tar.gz
2025-09-28 13:36:28,423 - WDM - INFO - Driver downloading response is 200
2025-09-28 13:36:28,548 - WDM - INFO - Get LATEST geckodriver version for None firefox
2025-09-28 13:36:28,821 - WDM - INFO - Get LATEST geckodriver version for None firefox
2025-09-28 13:36:29,095 - WDM - INFO - Driver has been saved in cache [/home/chris/.wdm/drivers/geckodriver/linux64/v0.36.0]
2025-09-28 13:36:29,123 - platform_core.core.app_logging.app_logger - ERROR - Error creating Firefox WebDriver: Message: Expected browser binary location, but unable to find binary in default location, no 'moz:firefoxOptions.binary' capability provided, and no binary flag set on the command line
 | Context: {'error_type': 'WebDriverError'}
2025-09-28 13:36:29,123 - platform_core.core.app_logging.app_logger - ERROR - Error creating Firefox WebDriver: Message: Expected browser binary location, but unable to find binary in default location, no 'moz:firefoxOptions.binary' capability provided, and no binary flag set on the command line
 | Context: {'error_type': 'WebDriverError'}
2025-09-28 13:36:29,123 - src.nba_app.webscraping.web_driver - WARNING - Failed to create Firefox WebDriver: Error creating Firefox WebDriver: Message: Expected browser binary location, but unable to find binary in default location, no 'moz:firefoxOptions.binary' capability provided, and no binary flag set on the command line

2025-09-28 13:36:29,123 - platform_core.core.app_logging.app_logger - ERROR - Failed to create WebDriver with any available browser | Context: {'error_type': 'WebDriverError'}
2025-09-28 13:36:29,123 - platform_core.core.app_logging.app_logger - ERROR - Failed to create WebDriver with any available browser | Context: {'error_type': 'WebDriverError'}
2025-09-28 13:36:29,124 - __main__ - CRITICAL - Unexpected error occurred | error_message=Failed to create WebDriver with any available browser, error_type=WebDriverError, traceback=Traceback (most recent call last):
  File "/home/chris/projects/nba_analysis_project/src/nba_app/webscraping/main.py", line 81, in main
    nba_scraper = container.nba_scraper()
                  ^^^^^^^^^^^^^^^^^^^^^^^
  File "src/dependency_injector/providers.pyx", line 231, in dependency_injector.providers.Provider.__call__
  File "src/dependency_injector/providers.pyx", line 2661, in dependency_injector.providers.Factory._provide
  File "src/dependency_injector/providers.pxd", line 646, in dependency_injector.providers.__factory_call
  File "src/dependency_injector/providers.pxd", line 573, in dependency_injector.providers.__call
  File "src/dependency_injector/providers.pxd", line 441, in dependency_injector.providers.__provide_keyword_args
  File "src/dependency_injector/providers.pxd", line 361, in dependency_injector.providers.__get_value
  File "src/dependency_injector/providers.pyx", line 231, in dependency_injector.providers.Provider.__call__
  File "src/dependency_injector/providers.pyx", line 2661, in dependency_injector.providers.Factory._provide
  File "src/dependency_injector/providers.pxd", line 646, in dependency_injector.providers.__factory_call
  File "src/dependency_injector/providers.pxd", line 573, in dependency_injector.providers.__call
  File "src/dependency_injector/providers.pxd", line 441, in dependency_injector.providers.__provide_keyword_args
  File "src/dependency_injector/providers.pxd", line 361, in dependency_injector.providers.__get_value
  File "src/dependency_injector/providers.pyx", line 231, in dependency_injector.providers.Provider.__call__
  File "src/dependency_injector/providers.pyx", line 2661, in dependency_injector.providers.Factory._provide
  File "src/dependency_injector/providers.pxd", line 646, in dependency_injector.providers.__factory_call
  File "src/dependency_injector/providers.pxd", line 573, in dependency_injector.providers.__call
  File "src/dependency_injector/providers.pxd", line 441, in dependency_injector.providers.__provide_keyword_args
  File "src/dependency_injector/providers.pxd", line 361, in dependency_injector.providers.__get_value
  File "src/dependency_injector/providers.pyx", line 231, in dependency_injector.providers.Provider.__call__
  File "src/dependency_injector/providers.pyx", line 3021, in dependency_injector.providers.Singleton._provide
  File "src/dependency_injector/providers.pxd", line 646, in dependency_injector.providers.__factory_call
  File "src/dependency_injector/providers.pxd", line 604, in dependency_injector.providers.__call
  File "/home/chris/projects/nba_analysis_project/src/nba_app/webscraping/di_container.py", line 26, in <lambda>
    lambda web_driver_factory: web_driver_factory.create_driver(),
                               ^^^^^^^^^^^^^^^^^^^^^^^^^^^^^^^^^^
  File "/home/chris/projects/nba_analysis_project/src/nba_app/webscraping/web_driver.py", line 67, in create_driver
    raise WebDriverError("Failed to create WebDriver with any available browser", self.app_logger)
platform_core.core.error_handling.error_handler.WebDriverError: Failed to create WebDriver with any available browser

2025-09-28 13:50:27,585 - src.nba_app.webscraping.web_driver - INFO - WebDriver initialized with browsers: ['chrome', 'firefox']
2025-09-28 13:50:27,585 - WDM - INFO - ====== WebDriver manager ======
2025-09-28 13:50:27,723 - WDM - INFO - Get LATEST chromedriver version for google-chrome
2025-09-28 13:50:27,839 - WDM - INFO - Get LATEST chromedriver version for google-chrome
2025-09-28 13:50:27,955 - WDM - INFO - There is no [linux64] chromedriver "140.0.7339.207" for browser google-chrome "140.0.7339" in cache
2025-09-28 13:50:27,955 - WDM - INFO - Get LATEST chromedriver version for google-chrome
2025-09-28 13:50:28,208 - WDM - INFO - WebDriver version 140.0.7339.207 selected
2025-09-28 13:50:28,210 - WDM - INFO - Modern chrome version https://storage.googleapis.com/chrome-for-testing-public/140.0.7339.207/linux64/chromedriver-linux64.zip
2025-09-28 13:50:28,210 - WDM - INFO - About to download new driver from https://storage.googleapis.com/chrome-for-testing-public/140.0.7339.207/linux64/chromedriver-linux64.zip
2025-09-28 13:50:28,356 - WDM - INFO - Driver downloading response is 200
2025-09-28 13:50:28,821 - WDM - INFO - Get LATEST chromedriver version for google-chrome
2025-09-28 13:50:29,040 - WDM - INFO - Driver has been saved in cache [/home/chris/.wdm/drivers/chromedriver/linux64/140.0.7339.207]
2025-09-28 13:50:30,257 - src.nba_app.webscraping.web_driver - INFO - Successfully created Chrome WebDriver
2025-09-28 13:50:30,257 - src.nba_app.webscraping.page_scraper - INFO - PageScraper initialized successfully | config_type=ConfigManager, web_driver_type=WebDriver
2025-09-28 13:50:30,257 - src.nba_app.webscraping.page_scraper - INFO - Function __init__ completed in 0.000s
2025-09-28 13:50:30,257 - src.nba_app.webscraping.boxscore_scraper - ERROR - Function __init__ failed after 0.000s: BoxscoreScraper.__init__() missing 1 required positional argument: 'matchup_validator'
2025-09-28 13:50:30,257 - __main__ - CRITICAL - Unexpected error occurred | error_message=BoxscoreScraper.__init__() missing 1 required positional argument: 'matchup_validator', error_type=TypeError, traceback=Traceback (most recent call last):
  File "/home/chris/projects/nba_analysis_project/src/nba_app/webscraping/main.py", line 81, in main
    nba_scraper = container.nba_scraper()
                  ^^^^^^^^^^^^^^^^^^^^^^^
  File "src/dependency_injector/providers.pyx", line 231, in dependency_injector.providers.Provider.__call__
  File "src/dependency_injector/providers.pyx", line 2661, in dependency_injector.providers.Factory._provide
  File "src/dependency_injector/providers.pxd", line 646, in dependency_injector.providers.__factory_call
  File "src/dependency_injector/providers.pxd", line 573, in dependency_injector.providers.__call
  File "src/dependency_injector/providers.pxd", line 441, in dependency_injector.providers.__provide_keyword_args
  File "src/dependency_injector/providers.pxd", line 361, in dependency_injector.providers.__get_value
  File "src/dependency_injector/providers.pyx", line 231, in dependency_injector.providers.Provider.__call__
  File "src/dependency_injector/providers.pyx", line 2661, in dependency_injector.providers.Factory._provide
  File "src/dependency_injector/providers.pxd", line 646, in dependency_injector.providers.__factory_call
  File "src/dependency_injector/providers.pxd", line 604, in dependency_injector.providers.__call
  File "/home/chris/projects/nba_analysis_project/src/platform_core/core/app_logging/__init__.py", line 34, in wrapper
    result = func(*args, **kwargs)
             ^^^^^^^^^^^^^^^^^^^^^
TypeError: BoxscoreScraper.__init__() missing 1 required positional argument: 'matchup_validator'

